<?xml version="1.0" encoding="UTF-8"?>
<!-- Generated by org.testng.reporters.JUnitReportReporter -->
<testsuite hostname="11596-MBP15-R.local" name="org.maui.selenium.web.WalmartFlowTest" tests="1" failures="0" timestamp="1 Sep 2015 05:55:49 GMT" time="58.820" errors="0">
  <testcase name="testFlow" time="58.820" classname="org.maui.selenium.web.WalmartFlowTest"/>
</testsuite> <!-- org.maui.selenium.web.WalmartFlowTest -->
